2025-11-27 12:41:47.827896: I tensorflow/core/util/port.cc:153] oneDNN custom operations are on. You may see slightly different numerical results due to floating-point round-off errors from different computation orders. To turn them off, set the environment variable `TF_ENABLE_ONEDNN_OPTS=0`.
2025-11-27 12:41:47.877639: I tensorflow/core/platform/cpu_feature_guard.cc:210] This TensorFlow binary is optimized to use available CPU instructions in performance-critical operations.
To enable the following instructions: AVX2 AVX512F AVX512_VNNI AVX512_BF16 FMA, in other operations, rebuild TensorFlow with the appropriate compiler flags.
2025-11-27 12:41:50.281441: I tensorflow/core/util/port.cc:153] oneDNN custom operations are on. You may see slightly different numerical results due to floating-point round-off errors from different computation orders. To turn them off, set the environment variable `TF_ENABLE_ONEDNN_OPTS=0`.
2025-11-27 12:42:01.471397: I tensorflow/core/util/port.cc:153] oneDNN custom operations are on. You may see slightly different numerical results due to floating-point round-off errors from different computation orders. To turn them off, set the environment variable `TF_ENABLE_ONEDNN_OPTS=0`.
2025-11-27 12:42:01.519358: I tensorflow/core/platform/cpu_feature_guard.cc:210] This TensorFlow binary is optimized to use available CPU instructions in performance-critical operations.
To enable the following instructions: AVX2 AVX512F AVX512_VNNI AVX512_BF16 FMA, in other operations, rebuild TensorFlow with the appropriate compiler flags.
2025-11-27 12:42:03.273587: I tensorflow/core/util/port.cc:153] oneDNN custom operations are on. You may see slightly different numerical results due to floating-point round-off errors from different computation orders. To turn them off, set the environment variable `TF_ENABLE_ONEDNN_OPTS=0`.
/home/axs7716/my_model/Finetuning_V3_11-19-2025.py:23: UserWarning: WARNING: Unsloth should be imported before transformers to ensure all optimizations are applied. Your code may run slower or encounter memory issues without these optimizations.

Please restructure your imports with 'import unsloth' at the top of your file.
  import unsloth
/home/axs7716/my_model/Finetuning_V3_11-19-2025.py:23: UserWarning: WARNING: Unsloth should be imported before transformers to ensure all optimizations are applied. Your code may run slower or encounter memory issues without these optimizations.

Please restructure your imports with 'import unsloth' at the top of your file.
  import unsloth
/home/axs7716/my_model/Finetuning_V3_11-19-2025.py:23: UserWarning: WARNING: Unsloth should be imported before transformers to ensure all optimizations are applied. Your code may run slower or encounter memory issues without these optimizations.

Please restructure your imports with 'import unsloth' at the top of your file.
  import unsloth
/home/axs7716/my_model/Finetuning_V3_11-19-2025.py:23: UserWarning: WARNING: Unsloth should be imported before transformers to ensure all optimizations are applied. Your code may run slower or encounter memory issues without these optimizations.

Please restructure your imports with 'import unsloth' at the top of your file.
  import unsloth
2025-11-27 12:42:12.614645: I tensorflow/core/util/port.cc:153] oneDNN custom operations are on. You may see slightly different numerical results due to floating-point round-off errors from different computation orders. To turn them off, set the environment variable `TF_ENABLE_ONEDNN_OPTS=0`.
2025-11-27 12:42:12.660003: I tensorflow/core/platform/cpu_feature_guard.cc:210] This TensorFlow binary is optimized to use available CPU instructions in performance-critical operations.
To enable the following instructions: AVX2 AVX512F AVX512_VNNI AVX512_BF16 FMA, in other operations, rebuild TensorFlow with the appropriate compiler flags.
2025-11-27 12:42:12.761249: I tensorflow/core/util/port.cc:153] oneDNN custom operations are on. You may see slightly different numerical results due to floating-point round-off errors from different computation orders. To turn them off, set the environment variable `TF_ENABLE_ONEDNN_OPTS=0`.
2025-11-27 12:42:12.807397: I tensorflow/core/platform/cpu_feature_guard.cc:210] This TensorFlow binary is optimized to use available CPU instructions in performance-critical operations.
To enable the following instructions: AVX2 AVX512F AVX512_VNNI AVX512_BF16 FMA, in other operations, rebuild TensorFlow with the appropriate compiler flags.
2025-11-27 12:42:13.179593: I tensorflow/core/util/port.cc:153] oneDNN custom operations are on. You may see slightly different numerical results due to floating-point round-off errors from different computation orders. To turn them off, set the environment variable `TF_ENABLE_ONEDNN_OPTS=0`.
2025-11-27 12:42:13.225984: I tensorflow/core/platform/cpu_feature_guard.cc:210] This TensorFlow binary is optimized to use available CPU instructions in performance-critical operations.
To enable the following instructions: AVX2 AVX512F AVX512_VNNI AVX512_BF16 FMA, in other operations, rebuild TensorFlow with the appropriate compiler flags.
2025-11-27 12:42:13.238147: I tensorflow/core/util/port.cc:153] oneDNN custom operations are on. You may see slightly different numerical results due to floating-point round-off errors from different computation orders. To turn them off, set the environment variable `TF_ENABLE_ONEDNN_OPTS=0`.
2025-11-27 12:42:13.284190: I tensorflow/core/platform/cpu_feature_guard.cc:210] This TensorFlow binary is optimized to use available CPU instructions in performance-critical operations.
To enable the following instructions: AVX2 AVX512F AVX512_VNNI AVX512_BF16 FMA, in other operations, rebuild TensorFlow with the appropriate compiler flags.
2025-11-27 12:42:14.846346: I tensorflow/core/util/port.cc:153] oneDNN custom operations are on. You may see slightly different numerical results due to floating-point round-off errors from different computation orders. To turn them off, set the environment variable `TF_ENABLE_ONEDNN_OPTS=0`.
2025-11-27 12:42:15.009913: I tensorflow/core/util/port.cc:153] oneDNN custom operations are on. You may see slightly different numerical results due to floating-point round-off errors from different computation orders. To turn them off, set the environment variable `TF_ENABLE_ONEDNN_OPTS=0`.
2025-11-27 12:42:15.328104: I tensorflow/core/util/port.cc:153] oneDNN custom operations are on. You may see slightly different numerical results due to floating-point round-off errors from different computation orders. To turn them off, set the environment variable `TF_ENABLE_ONEDNN_OPTS=0`.
2025-11-27 12:42:15.490858: I tensorflow/core/util/port.cc:153] oneDNN custom operations are on. You may see slightly different numerical results due to floating-point round-off errors from different computation orders. To turn them off, set the environment variable `TF_ENABLE_ONEDNN_OPTS=0`.
Traceback (most recent call last):
  File "/home/axs7716/my_model/Finetuning_V3_11-19-2025.py", line 55, in <module>
    learning_rate = float(sys.argv[0])
                    ^^^^^^^^^^^^^^^^^^
ValueError: could not convert string to float: 'Finetuning_V3_11-19-2025.py'
Traceback (most recent call last):
  File "/home/axs7716/my_model/Finetuning_V3_11-19-2025.py", line 55, in <module>
    learning_rate = float(sys.argv[0])
                    ^^^^^^^^^^^^^^^^^^
ValueError: could not convert string to float: 'Finetuning_V3_11-19-2025.py'
Traceback (most recent call last):
  File "/home/axs7716/my_model/Finetuning_V3_11-19-2025.py", line 55, in <module>
    learning_rate = float(sys.argv[0])
                    ^^^^^^^^^^^^^^^^^^
ValueError: could not convert string to float: 'Finetuning_V3_11-19-2025.py'
Traceback (most recent call last):
  File "/home/axs7716/my_model/Finetuning_V3_11-19-2025.py", line 55, in <module>
    learning_rate = float(sys.argv[0])
                    ^^^^^^^^^^^^^^^^^^
ValueError: could not convert string to float: 'Finetuning_V3_11-19-2025.py'
