W1128 21:59:31.316000 2314549 site-packages/torch/distributed/run.py:803] 
W1128 21:59:31.316000 2314549 site-packages/torch/distributed/run.py:803] *****************************************
W1128 21:59:31.316000 2314549 site-packages/torch/distributed/run.py:803] Setting OMP_NUM_THREADS environment variable for each process to be 1 in default, to avoid your system being overloaded, please further tune the variable for optimal performance in your application as needed. 
W1128 21:59:31.316000 2314549 site-packages/torch/distributed/run.py:803] *****************************************
Traceback (most recent call last):
  File "/home/axs7716/anaconda3/envs/arsh_env/bin/torchrun", line 7, in <module>
    sys.exit(main())
             ^^^^^^
  File "/home/axs7716/anaconda3/envs/arsh_env/lib/python3.12/site-packages/torch/distributed/elastic/multiprocessing/errors/__init__.py", line 357, in wrapper
    return f(*args, **kwargs)
           ^^^^^^^^^^^^^^^^^^
  File "/home/axs7716/anaconda3/envs/arsh_env/lib/python3.12/site-packages/torch/distributed/run.py", line 936, in main
    run(args)
  File "/home/axs7716/anaconda3/envs/arsh_env/lib/python3.12/site-packages/torch/distributed/run.py", line 927, in run
    elastic_launch(
  File "/home/axs7716/anaconda3/envs/arsh_env/lib/python3.12/site-packages/torch/distributed/launcher/api.py", line 156, in __call__
    return launch_agent(self._config, self._entrypoint, list(args))
           ^^^^^^^^^^^^^^^^^^^^^^^^^^^^^^^^^^^^^^^^^^^^^^^^^^^^^^^^
  File "/home/axs7716/anaconda3/envs/arsh_env/lib/python3.12/site-packages/torch/distributed/launcher/api.py", line 284, in launch_agent
    result = agent.run()
             ^^^^^^^^^^^
  File "/home/axs7716/anaconda3/envs/arsh_env/lib/python3.12/site-packages/torch/distributed/elastic/metrics/api.py", line 138, in wrapper
    result = f(*args, **kwargs)
             ^^^^^^^^^^^^^^^^^^
  File "/home/axs7716/anaconda3/envs/arsh_env/lib/python3.12/site-packages/torch/distributed/elastic/agent/server/api.py", line 717, in run
    result = self._invoke_run(role)
             ^^^^^^^^^^^^^^^^^^^^^^
  File "/home/axs7716/anaconda3/envs/arsh_env/lib/python3.12/site-packages/torch/distributed/elastic/agent/server/api.py", line 875, in _invoke_run
    self._initialize_workers(self._worker_group)
  File "/home/axs7716/anaconda3/envs/arsh_env/lib/python3.12/site-packages/torch/distributed/elastic/metrics/api.py", line 138, in wrapper
    result = f(*args, **kwargs)
             ^^^^^^^^^^^^^^^^^^
  File "/home/axs7716/anaconda3/envs/arsh_env/lib/python3.12/site-packages/torch/distributed/elastic/agent/server/api.py", line 685, in _initialize_workers
    self._rendezvous(worker_group)
  File "/home/axs7716/anaconda3/envs/arsh_env/lib/python3.12/site-packages/torch/distributed/elastic/metrics/api.py", line 138, in wrapper
    result = f(*args, **kwargs)
             ^^^^^^^^^^^^^^^^^^
  File "/home/axs7716/anaconda3/envs/arsh_env/lib/python3.12/site-packages/torch/distributed/elastic/agent/server/api.py", line 500, in _rendezvous
    rdzv_info = spec.rdzv_handler.next_rendezvous()
                ^^^^^^^^^^^^^^^^^^^^^^^^^^^^^^^^^^^
  File "/home/axs7716/anaconda3/envs/arsh_env/lib/python3.12/site-packages/torch/distributed/elastic/rendezvous/static_tcp_rendezvous.py", line 67, in next_rendezvous
    self._store = TCPStore(  # type: ignore[call-arg]
                  ^^^^^^^^^^^^^^^^^^^^^^^^^^^^^^^^^^^
torch.distributed.DistNetworkError: The server socket has failed to listen on any local network address. port: 29500, useIpv6: false, code: -98, name: EADDRINUSE, message: address already in use
